c:\users\e-arduron\desktop\graficas-computacionales-2\v1dx11rr\x64\debug\vc143.pdb
c:\users\e-arduron\desktop\graficas-computacionales-2\v1dx11rr\x64\debug\vc143.idb
c:\users\e-arduron\desktop\graficas-computacionales-2\v1dx11rr\x64\debug\xact3util.obj
c:\users\e-arduron\desktop\graficas-computacionales-2\v1dx11rr\x64\debug\terrenoskybill.obj
c:\users\e-arduron\desktop\graficas-computacionales-2\v1dx11rr\x64\debug\loadmodel.obj
c:\users\e-arduron\desktop\graficas-computacionales-2\x64\debug\billboard.cso
c:\users\e-arduron\desktop\graficas-computacionales-2\x64\debug\gui.cso
c:\users\e-arduron\desktop\graficas-computacionales-2\x64\debug\modelo.cso
c:\users\e-arduron\desktop\graficas-computacionales-2\x64\debug\text.cso
c:\users\e-arduron\desktop\graficas-computacionales-2\x64\debug\water.cso
c:\users\e-arduron\desktop\graficas-computacionales-2\x64\debug\terrenoskybill.exe
c:\users\e-arduron\desktop\graficas-computacionales-2\v1dx11rr\x64\debug\terrenoskybill.tlog\cl.command.1.tlog
c:\users\e-arduron\desktop\graficas-computacionales-2\v1dx11rr\x64\debug\terrenoskybill.tlog\cl.read.1.tlog
c:\users\e-arduron\desktop\graficas-computacionales-2\v1dx11rr\x64\debug\terrenoskybill.tlog\cl.write.1.tlog
c:\users\e-arduron\desktop\graficas-computacionales-2\v1dx11rr\x64\debug\terrenoskybill.tlog\fxc.command.1.tlog
c:\users\e-arduron\desktop\graficas-computacionales-2\v1dx11rr\x64\debug\terrenoskybill.tlog\fxc.read.1.tlog
c:\users\e-arduron\desktop\graficas-computacionales-2\v1dx11rr\x64\debug\terrenoskybill.tlog\fxc.write.1.tlog
c:\users\e-arduron\desktop\graficas-computacionales-2\v1dx11rr\x64\debug\terrenoskybill.tlog\link.command.1.tlog
c:\users\e-arduron\desktop\graficas-computacionales-2\v1dx11rr\x64\debug\terrenoskybill.tlog\link.read.1.tlog
c:\users\e-arduron\desktop\graficas-computacionales-2\v1dx11rr\x64\debug\terrenoskybill.tlog\link.write.1.tlog
