C:\Program Files\Microsoft Visual Studio\2022\Community\MSBuild\Microsoft\VC\v170\Microsoft.CppBuild.targets(517,5): warning MSB8028: The intermediate directory (x64\Debug\) contains files shared from another project (Terreno.vcxproj, TerrenoSky.vcxproj).  This can lead to incorrect clean and rebuild behavior.
  TerrenoSkyBill.cpp
C:\Program Files (x86)\Microsoft DirectX SDK (June 2010)\Include\dxgitype.h(12,1): warning C4005: 'DXGI_STATUS_OCCLUDED': macro redefinition
C:\Program Files (x86)\Windows Kits\10\Include\10.0.22000.0\shared\winerror.h(57679,1): message : see previous definition of 'DXGI_STATUS_OCCLUDED'
C:\Program Files (x86)\Microsoft DirectX SDK (June 2010)\Include\dxgitype.h(13,1): warning C4005: 'DXGI_STATUS_CLIPPED': macro redefinition
C:\Program Files (x86)\Windows Kits\10\Include\10.0.22000.0\shared\winerror.h(57688,1): message : see previous definition of 'DXGI_STATUS_CLIPPED'
C:\Program Files (x86)\Microsoft DirectX SDK (June 2010)\Include\dxgitype.h(14,1): warning C4005: 'DXGI_STATUS_NO_REDIRECTION': macro redefinition
C:\Program Files (x86)\Windows Kits\10\Include\10.0.22000.0\shared\winerror.h(57697,1): message : see previous definition of 'DXGI_STATUS_NO_REDIRECTION'
C:\Program Files (x86)\Microsoft DirectX SDK (June 2010)\Include\dxgitype.h(15,1): warning C4005: 'DXGI_STATUS_NO_DESKTOP_ACCESS': macro redefinition
C:\Program Files (x86)\Windows Kits\10\Include\10.0.22000.0\shared\winerror.h(57706,1): message : see previous definition of 'DXGI_STATUS_NO_DESKTOP_ACCESS'
C:\Program Files (x86)\Microsoft DirectX SDK (June 2010)\Include\dxgitype.h(16,1): warning C4005: 'DXGI_STATUS_GRAPHICS_VIDPN_SOURCE_IN_USE': macro redefinition
C:\Program Files (x86)\Windows Kits\10\Include\10.0.22000.0\shared\winerror.h(57715,1): message : see previous definition of 'DXGI_STATUS_GRAPHICS_VIDPN_SOURCE_IN_USE'
C:\Program Files (x86)\Microsoft DirectX SDK (June 2010)\Include\dxgitype.h(17,1): warning C4005: 'DXGI_STATUS_MODE_CHANGED': macro redefinition
C:\Program Files (x86)\Windows Kits\10\Include\10.0.22000.0\shared\winerror.h(57724,1): message : see previous definition of 'DXGI_STATUS_MODE_CHANGED'
C:\Program Files (x86)\Microsoft DirectX SDK (June 2010)\Include\dxgitype.h(18,1): warning C4005: 'DXGI_STATUS_MODE_CHANGE_IN_PROGRESS': macro redefinition
C:\Program Files (x86)\Windows Kits\10\Include\10.0.22000.0\shared\winerror.h(57733,1): message : see previous definition of 'DXGI_STATUS_MODE_CHANGE_IN_PROGRESS'
C:\Program Files (x86)\Microsoft DirectX SDK (June 2010)\Include\dxgitype.h(21,1): warning C4005: 'DXGI_ERROR_INVALID_CALL': macro redefinition
C:\Program Files (x86)\Windows Kits\10\Include\10.0.22000.0\shared\winerror.h(57748,1): message : see previous definition of 'DXGI_ERROR_INVALID_CALL'
C:\Program Files (x86)\Microsoft DirectX SDK (June 2010)\Include\dxgitype.h(22,1): warning C4005: 'DXGI_ERROR_NOT_FOUND': macro redefinition
C:\Program Files (x86)\Windows Kits\10\Include\10.0.22000.0\shared\winerror.h(57757,1): message : see previous definition of 'DXGI_ERROR_NOT_FOUND'
C:\Program Files (x86)\Microsoft DirectX SDK (June 2010)\Include\dxgitype.h(23,1): warning C4005: 'DXGI_ERROR_MORE_DATA': macro redefinition
C:\Program Files (x86)\Windows Kits\10\Include\10.0.22000.0\shared\winerror.h(57766,1): message : see previous definition of 'DXGI_ERROR_MORE_DATA'
C:\Program Files (x86)\Microsoft DirectX SDK (June 2010)\Include\dxgitype.h(24,1): warning C4005: 'DXGI_ERROR_UNSUPPORTED': macro redefinition
C:\Program Files (x86)\Windows Kits\10\Include\10.0.22000.0\shared\winerror.h(57775,1): message : see previous definition of 'DXGI_ERROR_UNSUPPORTED'
C:\Program Files (x86)\Microsoft DirectX SDK (June 2010)\Include\dxgitype.h(25,1): warning C4005: 'DXGI_ERROR_DEVICE_REMOVED': macro redefinition
C:\Program Files (x86)\Windows Kits\10\Include\10.0.22000.0\shared\winerror.h(57784,1): message : see previous definition of 'DXGI_ERROR_DEVICE_REMOVED'
C:\Program Files (x86)\Microsoft DirectX SDK (June 2010)\Include\dxgitype.h(26,1): warning C4005: 'DXGI_ERROR_DEVICE_HUNG': macro redefinition
C:\Program Files (x86)\Windows Kits\10\Include\10.0.22000.0\shared\winerror.h(57793,1): message : see previous definition of 'DXGI_ERROR_DEVICE_HUNG'
C:\Program Files (x86)\Microsoft DirectX SDK (June 2010)\Include\dxgitype.h(27,1): warning C4005: 'DXGI_ERROR_DEVICE_RESET': macro redefinition
C:\Program Files (x86)\Windows Kits\10\Include\10.0.22000.0\shared\winerror.h(57803,1): message : see previous definition of 'DXGI_ERROR_DEVICE_RESET'
C:\Program Files (x86)\Microsoft DirectX SDK (June 2010)\Include\dxgitype.h(28,1): warning C4005: 'DXGI_ERROR_WAS_STILL_DRAWING': macro redefinition
C:\Program Files (x86)\Windows Kits\10\Include\10.0.22000.0\shared\winerror.h(57812,1): message : see previous definition of 'DXGI_ERROR_WAS_STILL_DRAWING'
C:\Program Files (x86)\Microsoft DirectX SDK (June 2010)\Include\dxgitype.h(29,1): warning C4005: 'DXGI_ERROR_FRAME_STATISTICS_DISJOINT': macro redefinition
C:\Program Files (x86)\Windows Kits\10\Include\10.0.22000.0\shared\winerror.h(57822,1): message : see previous definition of 'DXGI_ERROR_FRAME_STATISTICS_DISJOINT'
C:\Program Files (x86)\Microsoft DirectX SDK (June 2010)\Include\dxgitype.h(30,1): warning C4005: 'DXGI_ERROR_GRAPHICS_VIDPN_SOURCE_IN_USE': macro redefinition
C:\Program Files (x86)\Windows Kits\10\Include\10.0.22000.0\shared\winerror.h(57831,1): message : see previous definition of 'DXGI_ERROR_GRAPHICS_VIDPN_SOURCE_IN_USE'
C:\Program Files (x86)\Microsoft DirectX SDK (June 2010)\Include\dxgitype.h(31,1): warning C4005: 'DXGI_ERROR_DRIVER_INTERNAL_ERROR': macro redefinition
C:\Program Files (x86)\Windows Kits\10\Include\10.0.22000.0\shared\winerror.h(57841,1): message : see previous definition of 'DXGI_ERROR_DRIVER_INTERNAL_ERROR'
C:\Program Files (x86)\Microsoft DirectX SDK (June 2010)\Include\dxgitype.h(32,1): warning C4005: 'DXGI_ERROR_NONEXCLUSIVE': macro redefinition
C:\Program Files (x86)\Windows Kits\10\Include\10.0.22000.0\shared\winerror.h(57850,1): message : see previous definition of 'DXGI_ERROR_NONEXCLUSIVE'
C:\Program Files (x86)\Microsoft DirectX SDK (June 2010)\Include\dxgitype.h(33,1): warning C4005: 'DXGI_ERROR_NOT_CURRENTLY_AVAILABLE': macro redefinition
C:\Program Files (x86)\Windows Kits\10\Include\10.0.22000.0\shared\winerror.h(57859,1): message : see previous definition of 'DXGI_ERROR_NOT_CURRENTLY_AVAILABLE'
C:\Program Files (x86)\Microsoft DirectX SDK (June 2010)\Include\dxgitype.h(34,1): warning C4005: 'DXGI_ERROR_REMOTE_CLIENT_DISCONNECTED': macro redefinition
C:\Program Files (x86)\Windows Kits\10\Include\10.0.22000.0\shared\winerror.h(57869,1): message : see previous definition of 'DXGI_ERROR_REMOTE_CLIENT_DISCONNECTED'
C:\Program Files (x86)\Microsoft DirectX SDK (June 2010)\Include\dxgitype.h(35,1): warning C4005: 'DXGI_ERROR_REMOTE_OUTOFMEMORY': macro redefinition
C:\Program Files (x86)\Windows Kits\10\Include\10.0.22000.0\shared\winerror.h(57878,1): message : see previous definition of 'DXGI_ERROR_REMOTE_OUTOFMEMORY'
C:\Program Files (x86)\Microsoft DirectX SDK (June 2010)\Include\d3d11.h(917,1): warning C4005: 'D3D11_ERROR_TOO_MANY_UNIQUE_STATE_OBJECTS': macro redefinition
C:\Program Files (x86)\Windows Kits\10\Include\10.0.22000.0\shared\winerror.h(58170,1): message : see previous definition of 'D3D11_ERROR_TOO_MANY_UNIQUE_STATE_OBJECTS'
C:\Program Files (x86)\Microsoft DirectX SDK (June 2010)\Include\d3d11.h(918,1): warning C4005: 'D3D11_ERROR_FILE_NOT_FOUND': macro redefinition
C:\Program Files (x86)\Windows Kits\10\Include\10.0.22000.0\shared\winerror.h(58179,1): message : see previous definition of 'D3D11_ERROR_FILE_NOT_FOUND'
C:\Program Files (x86)\Microsoft DirectX SDK (June 2010)\Include\d3d11.h(919,1): warning C4005: 'D3D11_ERROR_TOO_MANY_UNIQUE_VIEW_OBJECTS': macro redefinition
C:\Program Files (x86)\Windows Kits\10\Include\10.0.22000.0\shared\winerror.h(58189,1): message : see previous definition of 'D3D11_ERROR_TOO_MANY_UNIQUE_VIEW_OBJECTS'
C:\Program Files (x86)\Microsoft DirectX SDK (June 2010)\Include\d3d11.h(920,1): warning C4005: 'D3D11_ERROR_DEFERRED_CONTEXT_MAP_WITHOUT_INITIAL_DISCARD': macro redefinition
C:\Program Files (x86)\Windows Kits\10\Include\10.0.22000.0\shared\winerror.h(58198,1): message : see previous definition of 'D3D11_ERROR_DEFERRED_CONTEXT_MAP_WITHOUT_INITIAL_DISCARD'
C:\Program Files (x86)\Microsoft DirectX SDK (June 2010)\Include\d3d10.h(608,1): warning C4005: 'D3D10_ERROR_TOO_MANY_UNIQUE_STATE_OBJECTS': macro redefinition
C:\Program Files (x86)\Windows Kits\10\Include\10.0.22000.0\shared\winerror.h(58146,1): message : see previous definition of 'D3D10_ERROR_TOO_MANY_UNIQUE_STATE_OBJECTS'
C:\Program Files (x86)\Microsoft DirectX SDK (June 2010)\Include\d3d10.h(609,1): warning C4005: 'D3D10_ERROR_FILE_NOT_FOUND': macro redefinition
C:\Program Files (x86)\Windows Kits\10\Include\10.0.22000.0\shared\winerror.h(58155,1): message : see previous definition of 'D3D10_ERROR_FILE_NOT_FOUND'
C:\Users\e-arduron\Desktop\Graficas-computacionales-2\v1dx11rr\TerrenoRR.h(208,85): warning C4244: '=': conversion from 'double' to 'float', possible loss of data
C:\Users\e-arduron\Desktop\Graficas-computacionales-2\v1dx11rr\TerrenoRR.h(310,64): warning C4244: 'argument': conversion from 'int' to 'FLOAT', possible loss of data
C:\Users\e-arduron\Desktop\Graficas-computacionales-2\v1dx11rr\TerrenoRR.h(310,1): warning C4305: 'argument': truncation from 'double' to 'FLOAT'
C:\Users\e-arduron\Desktop\Graficas-computacionales-2\v1dx11rr\TerrenoRR.h(369,1): warning C4305: '+=': truncation from 'double' to 'float'
C:\Users\e-arduron\Desktop\Graficas-computacionales-2\v1dx11rr\TerrenoRR.h(400,1): warning C4305: 'argument': truncation from 'double' to 'FLOAT'
C:\Users\e-arduron\Desktop\Graficas-computacionales-2\v1dx11rr\TerrenoRR.h(463,22): warning C4018: '<': signed/unsigned mismatch
C:\Users\e-arduron\Desktop\Graficas-computacionales-2\v1dx11rr\TerrenoRR.h(465,23): warning C4018: '<': signed/unsigned mismatch
C:\Users\e-arduron\Desktop\Graficas-computacionales-2\v1dx11rr\Camara.h(57,64): warning C4244: 'argument': conversion from 'int' to 'FLOAT', possible loss of data
C:\Users\e-arduron\Desktop\Graficas-computacionales-2\v1dx11rr\Camara.h(57,1): warning C4305: 'argument': truncation from 'double' to 'FLOAT'
C:\Program Files (x86)\Microsoft DirectX SDK (June 2010)\Include\xnamath.h(2662,52): warning C4838: conversion from 'unsigned int' to 'INT' requires a narrowing conversion
C:\Program Files (x86)\Microsoft DirectX SDK (June 2010)\Include\xnamath.h(2662,64): warning C4838: conversion from 'unsigned int' to 'INT' requires a narrowing conversion
C:\Program Files (x86)\Microsoft DirectX SDK (June 2010)\Include\xnamath.h(2662,76): warning C4838: conversion from 'unsigned int' to 'INT' requires a narrowing conversion
C:\Program Files (x86)\Microsoft DirectX SDK (June 2010)\Include\xnamath.h(2662,88): warning C4838: conversion from 'unsigned int' to 'INT' requires a narrowing conversion
C:\Program Files (x86)\Microsoft DirectX SDK (June 2010)\Include\xnamath.h(2663,52): warning C4838: conversion from 'unsigned int' to 'INT' requires a narrowing conversion
C:\Program Files (x86)\Microsoft DirectX SDK (June 2010)\Include\xnamath.h(2663,64): warning C4838: conversion from 'unsigned int' to 'INT' requires a narrowing conversion
C:\Program Files (x86)\Microsoft DirectX SDK (June 2010)\Include\xnamath.h(2663,76): warning C4838: conversion from 'unsigned int' to 'INT' requires a narrowing conversion
C:\Program Files (x86)\Microsoft DirectX SDK (June 2010)\Include\xnamath.h(2664,52): warning C4838: conversion from 'unsigned int' to 'INT' requires a narrowing conversion
C:\Program Files (x86)\Microsoft DirectX SDK (June 2010)\Include\xnamath.h(2664,64): warning C4838: conversion from 'unsigned int' to 'INT' requires a narrowing conversion
C:\Program Files (x86)\Microsoft DirectX SDK (June 2010)\Include\xnamath.h(2664,76): warning C4838: conversion from 'unsigned int' to 'INT' requires a narrowing conversion
C:\Program Files (x86)\Microsoft DirectX SDK (June 2010)\Include\xnamath.h(2665,52): warning C4838: conversion from 'unsigned int' to 'INT' requires a narrowing conversion
C:\Program Files (x86)\Microsoft DirectX SDK (June 2010)\Include\xnamath.h(2666,64): warning C4838: conversion from 'unsigned int' to 'INT' requires a narrowing conversion
C:\Program Files (x86)\Microsoft DirectX SDK (June 2010)\Include\xnamath.h(2667,76): warning C4838: conversion from 'unsigned int' to 'INT' requires a narrowing conversion
C:\Program Files (x86)\Microsoft DirectX SDK (June 2010)\Include\xnamath.h(2668,88): warning C4838: conversion from 'unsigned int' to 'INT' requires a narrowing conversion
C:\Program Files (x86)\Microsoft DirectX SDK (June 2010)\Include\xnamath.h(2689,46): warning C4838: conversion from 'unsigned int' to 'INT' requires a narrowing conversion
C:\Program Files (x86)\Microsoft DirectX SDK (June 2010)\Include\xnamath.h(2689,58): warning C4838: conversion from 'unsigned int' to 'INT' requires a narrowing conversion
C:\Program Files (x86)\Microsoft DirectX SDK (June 2010)\Include\xnamath.h(2689,70): warning C4838: conversion from 'unsigned int' to 'INT' requires a narrowing conversion
C:\Program Files (x86)\Microsoft DirectX SDK (June 2010)\Include\xnamath.h(2689,82): warning C4838: conversion from 'unsigned int' to 'INT' requires a narrowing conversion
C:\Program Files (x86)\Microsoft DirectX SDK (June 2010)\Include\xnamath.h(2690,88): warning C4838: conversion from 'unsigned int' to 'INT' requires a narrowing conversion
C:\Program Files (x86)\Microsoft DirectX SDK (June 2010)\Include\xnamath.h(2691,88): warning C4838: conversion from 'unsigned int' to 'INT' requires a narrowing conversion
C:\Program Files (x86)\Microsoft DirectX SDK (June 2010)\Include\xnamath.h(2694,88): warning C4838: conversion from 'unsigned int' to 'INT' requires a narrowing conversion
C:\Program Files (x86)\Microsoft DirectX SDK (June 2010)\Include\xnamath.h(2695,88): warning C4838: conversion from 'unsigned int' to 'INT' requires a narrowing conversion
C:\Program Files (x86)\Microsoft DirectX SDK (June 2010)\Include\xnamath.h(2698,64): warning C4838: conversion from 'unsigned int' to 'INT' requires a narrowing conversion
C:\Program Files (x86)\Microsoft DirectX SDK (June 2010)\Include\xnamath.h(2702,76): warning C4838: conversion from 'unsigned int' to 'INT' requires a narrowing conversion
C:\Program Files (x86)\Microsoft DirectX SDK (June 2010)\Include\xnamath.h(2702,88): warning C4838: conversion from 'unsigned int' to 'INT' requires a narrowing conversion
C:\Program Files (x86)\Microsoft DirectX SDK (June 2010)\Include\xnamath.h(2712,65): warning C4838: conversion from 'unsigned int' to 'INT' requires a narrowing conversion
C:\Program Files (x86)\Microsoft DirectX SDK (June 2010)\Include\xnamath.h(2712,91): warning C4838: conversion from 'unsigned int' to 'INT' requires a narrowing conversion
C:\Program Files (x86)\Microsoft DirectX SDK (June 2010)\Include\xnamath.h(2713,52): warning C4838: conversion from 'unsigned int' to 'INT' requires a narrowing conversion
C:\Program Files (x86)\Microsoft DirectX SDK (June 2010)\Include\xnamath.h(2713,78): warning C4838: conversion from 'unsigned int' to 'INT' requires a narrowing conversion
C:\Program Files (x86)\Microsoft DirectX SDK (June 2010)\Include\xnamath.h(2715,52): warning C4838: conversion from 'unsigned int' to 'INT' requires a narrowing conversion
C:\Program Files (x86)\Microsoft DirectX SDK (June 2010)\Include\xnamath.h(2716,52): warning C4838: conversion from 'unsigned int' to 'INT' requires a narrowing conversion
C:\Program Files (x86)\Microsoft DirectX SDK (June 2010)\Include\xnamath.h(2716,65): warning C4838: conversion from 'unsigned int' to 'INT' requires a narrowing conversion
C:\Program Files (x86)\Microsoft DirectX SDK (June 2010)\Include\xnamath.h(2717,52): warning C4838: conversion from 'unsigned int' to 'INT' requires a narrowing conversion
C:\Program Files (x86)\Microsoft DirectX SDK (June 2010)\Include\xnamath.h(2717,65): warning C4838: conversion from 'unsigned int' to 'INT' requires a narrowing conversion
C:\Program Files (x86)\Microsoft DirectX SDK (June 2010)\Include\xnamath.h(2717,78): warning C4838: conversion from 'unsigned int' to 'INT' requires a narrowing conversion
C:\Program Files (x86)\Microsoft DirectX SDK (June 2010)\Include\xnamath.h(2727,54): warning C4838: conversion from 'unsigned int' to 'INT' requires a narrowing conversion
C:\Program Files (x86)\Microsoft DirectX SDK (June 2010)\Include\xnamath.h(2728,56): warning C4838: conversion from 'unsigned int' to 'INT' requires a narrowing conversion
C:\Program Files (x86)\Microsoft DirectX SDK (June 2010)\Include\xnamath.h(2729,58): warning C4838: conversion from 'unsigned int' to 'INT' requires a narrowing conversion
C:\Program Files (x86)\Microsoft DirectX SDK (June 2010)\Include\xnamath.h(2730,54): warning C4838: conversion from 'unsigned int' to 'INT' requires a narrowing conversion
C:\Program Files (x86)\Microsoft DirectX SDK (June 2010)\Include\xnamath.h(2730,65): warning C4838: conversion from 'unsigned int' to 'INT' requires a narrowing conversion
C:\Program Files (x86)\Microsoft DirectX SDK (June 2010)\Include\xnamath.h(2731,56): warning C4838: conversion from 'unsigned int' to 'INT' requires a narrowing conversion
C:\Program Files (x86)\Microsoft DirectX SDK (June 2010)\Include\xnamath.h(2731,67): warning C4838: conversion from 'unsigned int' to 'INT' requires a narrowing conversion
C:\Program Files (x86)\Microsoft DirectX SDK (June 2010)\Include\xnamath.h(2732,54): warning C4838: conversion from 'unsigned int' to 'INT' requires a narrowing conversion
C:\Program Files (x86)\Microsoft DirectX SDK (June 2010)\Include\xnamath.h(2732,67): warning C4838: conversion from 'unsigned int' to 'INT' requires a narrowing conversion
C:\Program Files (x86)\Microsoft DirectX SDK (June 2010)\Include\xnamath.h(2742,60): warning C4838: conversion from 'unsigned int' to 'INT' requires a narrowing conversion
C:\Program Files (x86)\Microsoft DirectX SDK (June 2010)\Include\xnamath.h(2742,79): warning C4838: conversion from 'unsigned int' to 'INT' requires a narrowing conversion
C:\Program Files (x86)\Microsoft DirectX SDK (June 2010)\Include\xnamath.h(2743,70): warning C4838: conversion from 'unsigned int' to 'INT' requires a narrowing conversion
C:\Program Files (x86)\Microsoft DirectX SDK (June 2010)\Include\xnamath.h(2754,73): warning C4838: conversion from 'unsigned int' to 'INT' requires a narrowing conversion
C:\Program Files (x86)\Microsoft DirectX SDK (June 2010)\Include\xnamathconvert.inl(2254,71): warning C4838: conversion from 'unsigned int' to 'INT' requires a narrowing conversion
C:\Program Files (x86)\Microsoft DirectX SDK (June 2010)\Include\xnamathconvert.inl(4523,69): warning C4838: conversion from 'unsigned int' to 'INT' requires a narrowing conversion
C:\Program Files (x86)\Microsoft DirectX SDK (June 2010)\Include\xnamathconvert.inl(4577,68): warning C4838: conversion from 'unsigned int' to 'INT' requires a narrowing conversion
C:\Program Files (x86)\Microsoft DirectX SDK (June 2010)\Include\xnamathconvert.inl(4639,65): warning C4838: conversion from 'unsigned int' to 'INT' requires a narrowing conversion
C:\Program Files (x86)\Microsoft DirectX SDK (June 2010)\Include\xnamathconvert.inl(4707,64): warning C4838: conversion from 'unsigned int' to 'INT' requires a narrowing conversion
C:\Program Files (x86)\Microsoft DirectX SDK (June 2010)\Include\xnamathconvert.inl(4770,64): warning C4838: conversion from 'unsigned int' to 'INT' requires a narrowing conversion
C:\Program Files (x86)\Microsoft DirectX SDK (June 2010)\Include\xnamathconvert.inl(4832,63): warning C4838: conversion from 'unsigned int' to 'INT' requires a narrowing conversion
C:\Program Files (x86)\Microsoft DirectX SDK (June 2010)\Include\xnamathvector.inl(1269,45): warning C4838: conversion from 'unsigned int' to 'INT' requires a narrowing conversion
C:\Program Files (x86)\Microsoft DirectX SDK (June 2010)\Include\xnamathvector.inl(1269,56): warning C4838: conversion from 'unsigned int' to 'INT' requires a narrowing conversion
C:\Program Files (x86)\Microsoft DirectX SDK (June 2010)\Include\xnamathvector.inl(1269,67): warning C4838: conversion from 'unsigned int' to 'INT' requires a narrowing conversion
C:\Program Files (x86)\Microsoft DirectX SDK (June 2010)\Include\xnamathvector.inl(1269,78): warning C4838: conversion from 'unsigned int' to 'INT' requires a narrowing conversion
C:\Program Files (x86)\Microsoft DirectX SDK (June 2010)\Include\xnamathmisc.inl(518,43): warning C4838: conversion from 'unsigned int' to 'INT' requires a narrowing conversion
C:\Program Files (x86)\Microsoft DirectX SDK (June 2010)\Include\xnamathmisc.inl(519,40): warning C4838: conversion from 'unsigned int' to 'INT' requires a narrowing conversion
C:\Program Files (x86)\Microsoft DirectX SDK (June 2010)\Include\xnamathmisc.inl(519,51): warning C4838: conversion from 'unsigned int' to 'INT' requires a narrowing conversion
C:\Users\e-arduron\Desktop\Graficas-computacionales-2\v1dx11rr\ModeloRR.h(376,64): warning C4244: 'argument': conversion from 'int' to 'FLOAT', possible loss of data
C:\Users\e-arduron\Desktop\Graficas-computacionales-2\v1dx11rr\ModeloRR.h(376,1): warning C4305: 'argument': truncation from 'double' to 'FLOAT'
C:\Users\e-arduron\Desktop\Graficas-computacionales-2\v1dx11rr\ModeloRR.h(616,1): warning C4305: 'argument': truncation from 'double' to 'FLOAT'
C:\Users\e-arduron\Desktop\Graficas-computacionales-2\v1dx11rr\ModeloRR.h(668,1): warning C4305: '+=': truncation from 'double' to 'float'
C:\Users\e-arduron\Desktop\Graficas-computacionales-2\v1dx11rr\GUI.h(172,29): warning C4244: '=': conversion from 'float' to 'UINT', possible loss of data
C:\Users\e-arduron\Desktop\Graficas-computacionales-2\v1dx11rr\GUI.h(173,31): warning C4244: '=': conversion from 'float' to 'UINT', possible loss of data
C:\Users\e-arduron\Desktop\Graficas-computacionales-2\v1dx11rr\GUI.h(199,21): warning C4018: '<': signed/unsigned mismatch
C:\Users\e-arduron\Desktop\Graficas-computacionales-2\v1dx11rr\GUI.h(164,33): warning C4101: 'renderTargetViewDesc': unreferenced local variable
C:\Users\e-arduron\Desktop\Graficas-computacionales-2\v1dx11rr\GUI.h(165,35): warning C4101: 'shaderResourceViewDesc': unreferenced local variable
C:\Users\e-arduron\Desktop\Graficas-computacionales-2\v1dx11rr\Text.h(194,29): warning C4244: '=': conversion from 'float' to 'UINT', possible loss of data
C:\Users\e-arduron\Desktop\Graficas-computacionales-2\v1dx11rr\Text.h(195,31): warning C4244: '=': conversion from 'float' to 'UINT', possible loss of data
C:\Users\e-arduron\Desktop\Graficas-computacionales-2\v1dx11rr\Text.h(185,33): warning C4101: 'renderTargetViewDesc': unreferenced local variable
C:\Users\e-arduron\Desktop\Graficas-computacionales-2\v1dx11rr\Text.h(186,35): warning C4101: 'shaderResourceViewDesc': unreferenced local variable
C:\Users\e-arduron\Desktop\Graficas-computacionales-2\v1dx11rr\Text.h(323,1): warning C4305: 'argument': truncation from 'double' to 'FLOAT'
C:\Users\e-arduron\Desktop\Graficas-computacionales-2\v1dx11rr\Text.h(343,1): warning C4305: 'initializing': truncation from 'double' to 'float'
C:\Users\e-arduron\Desktop\Graficas-computacionales-2\v1dx11rr\Water.h(63,23): warning C4244: '=': conversion from 'int' to 'float', possible loss of data
C:\Users\e-arduron\Desktop\Graficas-computacionales-2\v1dx11rr\Water.h(64,22): warning C4244: '=': conversion from 'int' to 'float', possible loss of data
C:\Users\e-arduron\Desktop\Graficas-computacionales-2\v1dx11rr\Water.h(65,18): warning C4244: '=': conversion from 'int' to 'float', possible loss of data
C:\Users\e-arduron\Desktop\Graficas-computacionales-2\v1dx11rr\Water.h(66,17): warning C4244: '=': conversion from 'int' to 'float', possible loss of data
C:\Users\e-arduron\Desktop\Graficas-computacionales-2\v1dx11rr\Water.h(493,64): warning C4244: 'argument': conversion from 'int' to 'FLOAT', possible loss of data
C:\Users\e-arduron\Desktop\Graficas-computacionales-2\v1dx11rr\Water.h(493,1): warning C4305: 'argument': truncation from 'double' to 'FLOAT'
C:\Users\e-arduron\Desktop\Graficas-computacionales-2\v1dx11rr\Water.h(508,1): warning C4305: '+=': truncation from 'double' to 'float'
C:\Users\e-arduron\Desktop\Graficas-computacionales-2\v1dx11rr\Water.h(577,1): warning C4305: 'argument': truncation from 'double' to 'FLOAT'
C:\Users\e-arduron\Desktop\Graficas-computacionales-2\v1dx11rr\DXRR.h(320,1): warning C4305: 'argument': truncation from 'double' to 'float'
C:\Users\e-arduron\Desktop\Graficas-computacionales-2\v1dx11rr\DXRR.h(321,1): warning C4305: 'argument': truncation from 'double' to 'float'
C:\Users\e-arduron\Desktop\Graficas-computacionales-2\v1dx11rr\DXRR.h(322,1): warning C4305: 'argument': truncation from 'double' to 'float'
C:\Users\e-arduron\Desktop\Graficas-computacionales-2\v1dx11rr\DXRR.h(325,1): warning C4305: 'argument': truncation from 'double' to 'float'
C:\Users\e-arduron\Desktop\Graficas-computacionales-2\v1dx11rr\DXRR.h(326,1): warning C4305: 'argument': truncation from 'double' to 'float'
C:\Users\e-arduron\Desktop\Graficas-computacionales-2\v1dx11rr\DXRR.h(327,1): warning C4305: 'argument': truncation from 'double' to 'float'
C:\Users\e-arduron\Desktop\Graficas-computacionales-2\v1dx11rr\DXRR.h(328,1): warning C4305: 'argument': truncation from 'double' to 'float'
C:\Users\e-arduron\Desktop\Graficas-computacionales-2\v1dx11rr\DXRR.h(329,1): warning C4305: 'argument': truncation from 'double' to 'float'
C:\Users\e-arduron\Desktop\Graficas-computacionales-2\v1dx11rr\DXRR.h(330,1): warning C4305: 'argument': truncation from 'double' to 'float'
C:\Users\e-arduron\Desktop\Graficas-computacionales-2\v1dx11rr\DXRR.h(332,1): warning C4305: 'argument': truncation from 'double' to 'float'
C:\Users\e-arduron\Desktop\Graficas-computacionales-2\v1dx11rr\DXRR.h(333,1): warning C4305: 'argument': truncation from 'double' to 'float'
C:\Users\e-arduron\Desktop\Graficas-computacionales-2\v1dx11rr\DXRR.h(519,1): warning C4305: '+=': truncation from 'double' to 'float'
C:\Users\e-arduron\Desktop\Graficas-computacionales-2\v1dx11rr\DXRR.h(521,1): warning C4305: '-=': truncation from 'double' to 'float'
C:\Users\e-arduron\Desktop\Graficas-computacionales-2\v1dx11rr\DXRR.h(532,1): warning C4305: '+=': truncation from 'double' to 'float'
C:\Users\e-arduron\Desktop\Graficas-computacionales-2\v1dx11rr\DXRR.h(534,1): warning C4305: '-=': truncation from 'double' to 'float'
C:\Users\e-arduron\Desktop\Graficas-computacionales-2\v1dx11rr\DXRR.h(545,1): warning C4305: '+=': truncation from 'double' to 'float'
C:\Users\e-arduron\Desktop\Graficas-computacionales-2\v1dx11rr\DXRR.h(547,1): warning C4305: '-=': truncation from 'double' to 'float'
C:\Users\e-arduron\Desktop\Graficas-computacionales-2\v1dx11rr\DXRR.h(558,1): warning C4305: '+=': truncation from 'double' to 'float'
C:\Users\e-arduron\Desktop\Graficas-computacionales-2\v1dx11rr\DXRR.h(560,1): warning C4305: '-=': truncation from 'double' to 'float'
C:\Users\e-arduron\Desktop\Graficas-computacionales-2\v1dx11rr\DXRR.h(577,1): warning C4305: '+=': truncation from 'double' to 'float'
C:\Users\e-arduron\Desktop\Graficas-computacionales-2\v1dx11rr\DXRR.h(658,39): warning C4244: 'argument': conversion from 'double' to 'float', possible loss of data
C:\Users\e-arduron\Desktop\Graficas-computacionales-2\v1dx11rr\DXRR.h(661,41): warning C4244: 'argument': conversion from 'double' to 'float', possible loss of data
C:\Users\e-arduron\Desktop\Graficas-computacionales-2\v1dx11rr\DXRR.h(664,45): warning C4244: 'argument': conversion from 'double' to 'float', possible loss of data
C:\Users\e-arduron\Desktop\Graficas-computacionales-2\v1dx11rr\DXRR.h(667,45): warning C4244: 'argument': conversion from 'double' to 'float', possible loss of data
C:\Users\e-arduron\Desktop\Graficas-computacionales-2\v1dx11rr\DXRR.h(670,45): warning C4244: 'argument': conversion from 'double' to 'float', possible loss of data
C:\Users\e-arduron\Desktop\Graficas-computacionales-2\v1dx11rr\DXRR.h(673,43): warning C4244: 'argument': conversion from 'double' to 'float', possible loss of data
C:\Users\e-arduron\Desktop\Graficas-computacionales-2\v1dx11rr\DXRR.h(676,45): warning C4244: 'argument': conversion from 'double' to 'float', possible loss of data
C:\Users\e-arduron\Desktop\Graficas-computacionales-2\v1dx11rr\DXRR.h(679,44): warning C4244: 'argument': conversion from 'double' to 'float', possible loss of data
C:\Users\e-arduron\Desktop\Graficas-computacionales-2\v1dx11rr\DXRR.h(1167,1): warning C4305: 'argument': truncation from 'double' to 'float'
C:\Users\e-arduron\Desktop\Graficas-computacionales-2\v1dx11rr\DXRR.h(1186,1): warning C4305: 'argument': truncation from 'double' to 'float'
C:\Users\e-arduron\Desktop\Graficas-computacionales-2\v1dx11rr\DXRR.h(1205,1): warning C4305: 'argument': truncation from 'double' to 'float'
C:\Users\e-arduron\Desktop\Graficas-computacionales-2\v1dx11rr\DXRR.h(1224,1): warning C4305: 'argument': truncation from 'double' to 'float'
C:\Users\e-arduron\Desktop\Graficas-computacionales-2\v1dx11rr\DXRR.h(1253,39): warning C4244: 'argument': conversion from 'double' to 'float', possible loss of data
C:\Users\e-arduron\Desktop\Graficas-computacionales-2\v1dx11rr\DXRR.h(1256,41): warning C4244: 'argument': conversion from 'double' to 'float', possible loss of data
C:\Users\e-arduron\Desktop\Graficas-computacionales-2\v1dx11rr\DXRR.h(1259,45): warning C4244: 'argument': conversion from 'double' to 'float', possible loss of data
C:\Users\e-arduron\Desktop\Graficas-computacionales-2\v1dx11rr\DXRR.h(1262,45): warning C4244: 'argument': conversion from 'double' to 'float', possible loss of data
C:\Users\e-arduron\Desktop\Graficas-computacionales-2\v1dx11rr\DXRR.h(1265,45): warning C4244: 'argument': conversion from 'double' to 'float', possible loss of data
C:\Users\e-arduron\Desktop\Graficas-computacionales-2\v1dx11rr\DXRR.h(1268,43): warning C4244: 'argument': conversion from 'double' to 'float', possible loss of data
C:\Users\e-arduron\Desktop\Graficas-computacionales-2\v1dx11rr\DXRR.h(1271,45): warning C4244: 'argument': conversion from 'double' to 'float', possible loss of data
C:\Users\e-arduron\Desktop\Graficas-computacionales-2\v1dx11rr\DXRR.h(1274,44): warning C4244: 'argument': conversion from 'double' to 'float', possible loss of data
C:\Users\e-arduron\Desktop\Graficas-computacionales-2\v1dx11rr\DXRR.h(1763,1): warning C4305: 'argument': truncation from 'double' to 'float'
C:\Users\e-arduron\Desktop\Graficas-computacionales-2\v1dx11rr\DXRR.h(1783,1): warning C4305: 'argument': truncation from 'double' to 'float'
C:\Users\e-arduron\Desktop\Graficas-computacionales-2\v1dx11rr\DXRR.h(1803,1): warning C4305: 'argument': truncation from 'double' to 'float'
C:\Users\e-arduron\Desktop\Graficas-computacionales-2\v1dx11rr\DXRR.h(1823,1): warning C4305: 'argument': truncation from 'double' to 'float'
C:\Users\e-arduron\Desktop\Graficas-computacionales-2\v1dx11rr\DXRR.h(1851,1): warning C4305: '-=': truncation from 'double' to 'float'
C:\Users\e-arduron\Desktop\Graficas-computacionales-2\v1dx11rr\DXRR.h(1852,36): warning C4244: 'argument': conversion from 'float' to 'int', possible loss of data
C:\Users\e-arduron\Desktop\Graficas-computacionales-2\v1dx11rr\DXRR.h(1865,1): warning C4305: 'argument': truncation from 'double' to 'float'
C:\Users\e-arduron\Desktop\Graficas-computacionales-2\v1dx11rr\DXRR.h(1867,1): warning C4305: 'argument': truncation from 'double' to 'float'
C:\Users\e-arduron\Desktop\Graficas-computacionales-2\v1dx11rr\DXRR.h(1869,1): warning C4305: 'argument': truncation from 'double' to 'float'
C:\Users\e-arduron\Desktop\Graficas-computacionales-2\v1dx11rr\DXRR.h(1878,1): warning C4305: 'argument': truncation from 'double' to 'float'
C:\Users\e-arduron\Desktop\Graficas-computacionales-2\v1dx11rr\DXRR.h(1880,1): warning C4305: 'argument': truncation from 'double' to 'float'
C:\Users\e-arduron\Desktop\Graficas-computacionales-2\v1dx11rr\DXRR.h(1882,1): warning C4305: 'argument': truncation from 'double' to 'float'
C:\Users\e-arduron\Desktop\Graficas-computacionales-2\v1dx11rr\DXRR.h(1884,1): warning C4305: 'argument': truncation from 'double' to 'float'
C:\Users\e-arduron\Desktop\Graficas-computacionales-2\v1dx11rr\DXRR.h(1886,1): warning C4305: 'argument': truncation from 'double' to 'float'
C:\Users\e-arduron\Desktop\Graficas-computacionales-2\v1dx11rr\DXRR.h(1890,1): warning C4305: 'argument': truncation from 'double' to 'float'
C:\Users\e-arduron\Desktop\Graficas-computacionales-2\v1dx11rr\DXRR.h(1891,1): warning C4305: 'argument': truncation from 'double' to 'float'
C:\Users\e-arduron\Desktop\Graficas-computacionales-2\v1dx11rr\DXRR.h(1895,1): warning C4305: 'argument': truncation from 'double' to 'float'
C:\Users\e-arduron\Desktop\Graficas-computacionales-2\v1dx11rr\DXRR.h(1895,79): warning C4244: 'argument': conversion from 'double' to 'float', possible loss of data
C:\Users\e-arduron\Desktop\Graficas-computacionales-2\v1dx11rr\DXRR.h(2029,24): warning C4244: '=': conversion from 'double' to 'float', possible loss of data
C:\Users\e-arduron\Desktop\Graficas-computacionales-2\v1dx11rr\DXRR.h(2030,24): warning C4244: '=': conversion from 'double' to 'float', possible loss of data
C:\Users\e-arduron\Desktop\Graficas-computacionales-2\v1dx11rr\DXRR.h(2031,24): warning C4244: '=': conversion from 'double' to 'float', possible loss of data
C:\Users\e-arduron\Desktop\Graficas-computacionales-2\v1dx11rr\DXRR.h(2032,24): warning C4244: '=': conversion from 'double' to 'float', possible loss of data
C:\Users\e-arduron\Desktop\Graficas-computacionales-2\v1dx11rr\DXRR.h(2040,28): warning C4244: '=': conversion from 'double' to 'float', possible loss of data
C:\Users\e-arduron\Desktop\Graficas-computacionales-2\v1dx11rr\DXRR.h(2041,28): warning C4244: '=': conversion from 'double' to 'float', possible loss of data
C:\Users\e-arduron\Desktop\Graficas-computacionales-2\v1dx11rr\DXRR.h(2042,28): warning C4244: '=': conversion from 'double' to 'float', possible loss of data
C:\Users\e-arduron\Desktop\Graficas-computacionales-2\v1dx11rr\DXRR.h(2043,28): warning C4244: '=': conversion from 'double' to 'float', possible loss of data
C:\Users\e-arduron\Desktop\Graficas-computacionales-2\v1dx11rr\DXRR.h(2052,29): warning C4244: '=': conversion from 'double' to 'float', possible loss of data
C:\Users\e-arduron\Desktop\Graficas-computacionales-2\v1dx11rr\DXRR.h(2053,29): warning C4244: '=': conversion from 'double' to 'float', possible loss of data
C:\Users\e-arduron\Desktop\Graficas-computacionales-2\v1dx11rr\DXRR.h(2054,29): warning C4244: '=': conversion from 'double' to 'float', possible loss of data
C:\Users\e-arduron\Desktop\Graficas-computacionales-2\v1dx11rr\DXRR.h(2055,29): warning C4244: '=': conversion from 'double' to 'float', possible loss of data
C:\Users\e-arduron\Desktop\Graficas-computacionales-2\v1dx11rr\DXRR.h(2064,29): warning C4244: '=': conversion from 'double' to 'float', possible loss of data
C:\Users\e-arduron\Desktop\Graficas-computacionales-2\v1dx11rr\DXRR.h(2065,29): warning C4244: '=': conversion from 'double' to 'float', possible loss of data
C:\Users\e-arduron\Desktop\Graficas-computacionales-2\v1dx11rr\DXRR.h(2066,29): warning C4244: '=': conversion from 'double' to 'float', possible loss of data
C:\Users\e-arduron\Desktop\Graficas-computacionales-2\v1dx11rr\DXRR.h(2067,29): warning C4244: '=': conversion from 'double' to 'float', possible loss of data
  C:\Program Files (x86)\Microsoft DirectX SDK (June 2010)\Include\dinput.h: DIRECTINPUT_VERSION undefined. Defaulting to version 0x0800
C:\Users\e-arduron\Desktop\Graficas-computacionales-2\v1dx11rr\TerrenoSkyBill.cpp(146,12): warning C4244: 'return': conversion from 'WPARAM' to 'int', possible loss of data
C:\Users\e-arduron\Desktop\Graficas-computacionales-2\v1dx11rr\TerrenoSkyBill.cpp(247,17): warning C4244: 'initializing': conversion from 'double' to 'float', possible loss of data
C:\Users\e-arduron\Desktop\Graficas-computacionales-2\v1dx11rr\TerrenoSkyBill.cpp(251,57): warning C4244: '=': conversion from 'double' to 'float', possible loss of data
C:\Users\e-arduron\Desktop\Graficas-computacionales-2\v1dx11rr\TerrenoSkyBill.cpp(256,20): warning C4244: 'initializing': conversion from 'double' to 'float', possible loss of data
C:\Users\e-arduron\Desktop\Graficas-computacionales-2\v1dx11rr\GUI.h(159): warning C4715: 'GUI::InitScene': not all control paths return a value
C:\Users\e-arduron\Desktop\Graficas-computacionales-2\v1dx11rr\Text.h(180): warning C4715: 'Text::InitScene': not all control paths return a value
  v1dx11rr.vcxproj -> C:\Users\e-arduron\Desktop\Graficas-computacionales-2\x64\Debug\TerrenoSkyBill.exe
